<?xml version="1.0" encoding="utf-8"?><testsuites><testsuite name="pytest" errors="0" failures="0" skipped="0" tests="73" time="0.656" timestamp="2025-05-21T12:23:50.686583+09:00" hostname="archx1"><testcase classname="tests.core.test_metadata" name="test_fastdataframe_default_values" time="0.002" /><testcase classname="tests.core.test_metadata" name="test_fastdataframe_custom_values" time="0.000" /><testcase classname="tests.core.test_metadata" name="test_fastdataframe_schema_generation" time="0.000" /><testcase classname="tests.core.test_metadata" name="test_fastdataframe_from_schema" time="0.000" /><testcase classname="tests.core.test_metadata" name="test_fastdataframe_from_schema_invalid_type" time="0.003" /><testcase classname="tests.core.test_metadata" name="test_fastdataframe_from_schema_invalid_version" time="0.002" /><testcase classname="tests.core.test_metadata" name="test_fastdataframe_from_schema_missing_properties" time="0.003" /><testcase classname="tests.core.test_metadata" name="test_fastdataframe_immutability" time="0.000" /><testcase classname="tests.core.test_model" name="test_model_base_type[int-False-False]" time="0.006" /><testcase classname="tests.core.test_model" name="test_model_base_type[str-False-False]" time="0.002" /><testcase classname="tests.core.test_model" name="test_model_base_type[float-False-False]" time="0.002" /><testcase classname="tests.core.test_model" name="test_model_base_type[bool-False-False]" time="0.002" /><testcase classname="tests.core.test_model" name="test_model_base_type[Optional-True-False0]" time="0.002" /><testcase classname="tests.core.test_model" name="test_model_base_type[Optional-True-False1]" time="0.002" /><testcase classname="tests.core.test_model" name="test_model_base_type[Optional-True-False2]" time="0.002" /><testcase classname="tests.core.test_model" name="test_model_base_type[Optional-True-False3]" time="0.002" /><testcase classname="tests.core.test_model" name="test_model_base_type[Optional-True-False4]" time="0.002" /><testcase classname="tests.core.test_model" name="test_model_base_type[Optional-True-False5]" time="0.002" /><testcase classname="tests.core.test_model" name="test_model_base_type[Optional-True-False6]" time="0.002" /><testcase classname="tests.core.test_model" name="test_model_base_type[Optional-True-False7]" time="0.002" /><testcase classname="tests.core.test_model" name="test_model_base_type[Union-False-False0]" time="0.002" /><testcase classname="tests.core.test_model" name="test_model_base_type[Union-False-False1]" time="0.002" /><testcase classname="tests.core.test_model" name="test_model_base_type[List-False-False]" time="0.002" /><testcase classname="tests.core.test_model" name="test_model_base_type[Dict-False-False]" time="0.002" /><testcase classname="tests.core.test_model" name="test_model_base_type[Optional-True-False8]" time="0.002" /><testcase classname="tests.core.test_model" name="test_model_base_type[Optional-True-False9]" time="0.002" /><testcase classname="tests.core.test_model" name="test_model_base_type[Annotated-False-True0]" time="0.002" /><testcase classname="tests.core.test_model" name="test_model_base_type[Annotated-False-True1]" time="0.002" /><testcase classname="tests.core.test_model" name="test_model_base_type[Annotated-True-False0]" time="0.002" /><testcase classname="tests.core.test_model" name="test_model_base_type[Annotated-True-True]" time="0.002" /><testcase classname="tests.core.test_model" name="test_model_base_type[Annotated-False-False]" time="0.002" /><testcase classname="tests.core.test_model" name="test_model_base_type[Annotated-True-False1]" time="0.002" /><testcase classname="tests.core.test_model" name="test_get_fastdataframe_annotations" time="0.004" /><testcase classname="tests.core.test_types_helper" name="test_is_optional_type[Optional-True0]" time="0.001" /><testcase classname="tests.core.test_types_helper" name="test_is_optional_type[Optional-True1]" time="0.000" /><testcase classname="tests.core.test_types_helper" name="test_is_optional_type[Optional-True2]" time="0.001" /><testcase classname="tests.core.test_types_helper" name="test_is_optional_type[Optional-True3]" time="0.000" /><testcase classname="tests.core.test_types_helper" name="test_is_optional_type[Optional-True4]" time="0.000" /><testcase classname="tests.core.test_types_helper" name="test_is_optional_type[Optional-True5]" time="0.000" /><testcase classname="tests.core.test_types_helper" name="test_is_optional_type[Optional-True6]" time="0.000" /><testcase classname="tests.core.test_types_helper" name="test_is_optional_type[Union-False0]" time="0.000" /><testcase classname="tests.core.test_types_helper" name="test_is_optional_type[Union-False1]" time="0.001" /><testcase classname="tests.core.test_types_helper" name="test_is_optional_type[Annotated-True0]" time="0.000" /><testcase classname="tests.core.test_types_helper" name="test_is_optional_type[Annotated-True1]" time="0.000" /><testcase classname="tests.core.test_types_helper" name="test_is_optional_type[Annotated-True2]" time="0.000" /><testcase classname="tests.core.test_types_helper" name="test_is_optional_type[Annotated-True3]" time="0.000" /><testcase classname="tests.core.test_types_helper" name="test_is_optional_type[Annotated-False0]" time="0.000" /><testcase classname="tests.core.test_types_helper" name="test_is_optional_type[Annotated-False1]" time="0.000" /><testcase classname="tests.core.test_types_helper" name="test_is_optional_type[NoneType-True]" time="0.000" /><testcase classname="tests.core.test_types_helper" name="test_is_optional_type[int-False]" time="0.000" /><testcase classname="tests.core.test_types_helper" name="test_is_optional_type[str-False]" time="0.000" /><testcase classname="tests.core.test_types_helper" name="test_is_optional_type[float-False]" time="0.000" /><testcase classname="tests.core.test_types_helper" name="test_is_optional_type[bool-False]" time="0.000" /><testcase classname="tests.core.test_types_helper" name="test_is_optional_type[list-False]" time="0.000" /><testcase classname="tests.core.test_types_helper" name="test_is_optional_type[dict-False]" time="0.001" /><testcase classname="tests.core.test_types_helper" name="test_is_optional_type[set-False]" time="0.000" /><testcase classname="tests.core.test_types_helper" name="test_is_optional_type[tuple-False]" time="0.000" /><testcase classname="tests.core.test_types_helper" name="test_is_optional_type[List-False]" time="0.000" /><testcase classname="tests.core.test_types_helper" name="test_is_optional_type[Dict-False]" time="0.000" /><testcase classname="tests.core.test_types_helper" name="test_is_optional_type[Optional-True7]" time="0.000" /><testcase classname="tests.core.test_types_helper" name="test_is_optional_type[Optional-True8]" time="0.000" /><testcase classname="tests.core.test_types_helper" name="test_is_optional_type[Optional-True9]" time="0.000" /><testcase classname="tests.core.test_types_helper" name="test_is_optional_type[Optional-True10]" time="0.000" /><testcase classname="tests.core.test_types_helper" name="test_is_optional_type[Annotated-True4]" time="0.000" /><testcase classname="tests.core.test_types_helper" name="test_is_optional_type[Annotated-True5]" time="0.000" /><testcase classname="tests.polars.test_validation" name="test_polars_availability" time="0.001" /><testcase classname="tests.polars.test_validation" name="test_from_fastdataframe_model_basic_conversion" time="0.004" /><testcase classname="tests.polars.test_validation" name="test_from_fastdataframe_model_valid_frame" time="0.006" /><testcase classname="tests.polars.test_validation" name="test_from_fastdataframe_model_missing_optional" time="0.006" /><testcase classname="tests.polars.test_validation" name="test_from_fastdataframe_model_type_mismatch" time="0.006" /><testcase classname="tests.polars.test_validation" name="test_validate_missing_columns" time="0.002" /><testcase classname="tests.polars.test_validation" name="test_validate_column_types" time="0.002" /><testcase classname="tests.polars.test_validation" name="test_validate_schema_valid_frame" time="0.002" /></testsuite></testsuites>